-------------------------------------------------------------------------------
Test set: com.mycompany.mapp.POILayerTest
-------------------------------------------------------------------------------
Tests run: 10, Failures: 8, Errors: 0, Skipped: 0, Time elapsed: 0.26 sec <<< FAILURE!
com.mycompany.mapp.POILayerTest.testSetHigh()  Time elapsed: 0.008 sec  <<< FAILURE!
org.opentest4j.AssertionFailedError: The test case is a prototype.
	at org.junit.jupiter.api.AssertionUtils.fail(AssertionUtils.java:39)
	at org.junit.jupiter.api.Assertions.fail(Assertions.java:109)
	at com.mycompany.mapp.POILayerTest.testSetHigh(POILayerTest.java:105)

com.mycompany.mapp.POILayerTest.testAddApplicable()  Time elapsed: 0.003 sec  <<< FAILURE!
org.opentest4j.AssertionFailedError: The test case is a prototype.
	at org.junit.jupiter.api.AssertionUtils.fail(AssertionUtils.java:39)
	at org.junit.jupiter.api.Assertions.fail(Assertions.java:109)
	at com.mycompany.mapp.POILayerTest.testAddApplicable(POILayerTest.java:173)

com.mycompany.mapp.POILayerTest.testClickContain()  Time elapsed: 0.003 sec  <<< FAILURE!
org.opentest4j.AssertionFailedError: The test case is a prototype.
	at org.junit.jupiter.api.AssertionUtils.fail(AssertionUtils.java:39)
	at org.junit.jupiter.api.Assertions.fail(Assertions.java:109)
	at com.mycompany.mapp.POILayerTest.testClickContain(POILayerTest.java:121)

com.mycompany.mapp.POILayerTest.testSmallReset()  Time elapsed: 0.004 sec  <<< FAILURE!
org.opentest4j.AssertionFailedError: The test case is a prototype.
	at org.junit.jupiter.api.AssertionUtils.fail(AssertionUtils.java:39)
	at org.junit.jupiter.api.Assertions.fail(Assertions.java:109)
	at com.mycompany.mapp.POILayerTest.testSmallReset(POILayerTest.java:158)

com.mycompany.mapp.POILayerTest.testMoveingPOI()  Time elapsed: 0.003 sec  <<< FAILURE!
org.opentest4j.AssertionFailedError: The test case is a prototype.
	at org.junit.jupiter.api.AssertionUtils.fail(AssertionUtils.java:39)
	at org.junit.jupiter.api.Assertions.fail(Assertions.java:109)
	at com.mycompany.mapp.POILayerTest.testMoveingPOI(POILayerTest.java:186)

com.mycompany.mapp.POILayerTest.testReset()  Time elapsed: 0.003 sec  <<< FAILURE!
org.opentest4j.AssertionFailedError: The test case is a prototype.
	at org.junit.jupiter.api.AssertionUtils.fail(AssertionUtils.java:39)
	at org.junit.jupiter.api.Assertions.fail(Assertions.java:109)
	at com.mycompany.mapp.POILayerTest.testReset(POILayerTest.java:146)

com.mycompany.mapp.POILayerTest.testAddPOI()  Time elapsed: 0.003 sec  <<< FAILURE!
java.lang.NullPointerException: Cannot read field "POIType" because "newPOI" is null
	at com.mycompany.mapp.POILayer.addPOI(POILayer.java:364)
	at com.mycompany.mapp.POILayerTest.testAddPOI(POILayerTest.java:132)

com.mycompany.mapp.POILayerTest.testSetPOIsFromFile()  Time elapsed: 0.003 sec  <<< FAILURE!
org.opentest4j.AssertionFailedError: The test case is a prototype.
	at org.junit.jupiter.api.AssertionUtils.fail(AssertionUtils.java:39)
	at org.junit.jupiter.api.Assertions.fail(Assertions.java:109)
	at com.mycompany.mapp.POILayerTest.testSetPOIsFromFile(POILayerTest.java:200)

